<?xml version="1.0" encoding="UTF-8"?>
<!-- Generated by org.testng.reporters.JUnitXMLReporter -->
<testsuite hostname="IN-BLR-0152" ignored="0" tests="6" failures="1" timestamp="15 Mar 2021 10:15:08 GMT" time="0.052" errors="0">
  <testcase name="Test1" time="0.01" classname="Testretry"/>
  <testcase name="Test2" time="0.002" classname="Testretry">
    <skipped/>
  </testcase> <!-- Test2 -->
  <testcase name="Test2" time="0.001" classname="Testretry">
    <skipped/>
  </testcase> <!-- Test2 -->
  <testcase name="Test2" time="0.002" classname="Testretry">
    <skipped/>
  </testcase> <!-- Test2 -->
  <testcase name="Test2" time="0.001" classname="Testretry">
    <failure type="java.lang.AssertionError" message="expected [true] but found [false]">
      <![CDATA[java.lang.AssertionError: expected [true] but found [false]
at Testretry.Test2(Testretry.java:15)
... Removed 31 stack frames]]>
    </failure>
  </testcase> <!-- Test2 -->
  <testcase name="Test3" time="0.002" classname="Testretry"/>
</testsuite>
